
  Memory set to 238.419 GiB by Python driver.
              nbf        scf        mp2  ...    ccsd(t)       pbe0      b3lyp
count   14.000000  14.000000  14.000000  ...  14.000000  14.000000  14.000000
mean    44.714286 -83.858197 -84.063686  ... -84.077596 -84.181639 -84.265881
std     48.933909   0.298571   0.370785  ...   0.368403   0.307540   0.312296
min      7.000000 -84.028840 -84.356530  ... -84.369280 -84.359510 -84.447817
25%     14.250000 -84.016646 -84.289256  ... -84.303060 -84.344921 -84.432193
50%     23.500000 -83.980687 -84.184827  ... -84.196685 -84.308375 -84.393575
75%     53.750000 -83.911841 -84.099846  ... -84.109904 -84.239245 -84.324198
max    172.000000 -82.944446 -82.993582  ... -83.015226 -83.243909 -83.314658

[8 rows x 7 columns]
             nbf        scf        mp2  ...    ccsd(t)       pbe0      b3lyp
sto-3g         7 -82.944446 -82.993582  ... -83.015226 -83.243909 -83.314658
sto-6g         7 -83.659154 -83.708632  ... -83.730527 -83.963042 -84.037073
3-21g         13 -83.563679 -83.696978  ... -83.708087 -83.880180 -83.963402
6-31g         13 -83.954896 -84.097007  ... -84.105907 -84.283238 -84.369483
6-31g*        19 -83.977115 -84.177677  ... -84.189913 -84.302479 -84.388000
6-31+g*       23 -83.984260 -84.191978  ... -84.203457 -84.314272 -84.401838
cc-pvdz       24 -83.992162 -84.206491  ... -84.219958 -84.315199 -84.399149
cc-pvtz       58 -84.020288 -84.305513  ... -84.319489 -84.348190 -84.435662
cc-pvqz      115 -84.027569 -84.351165  ... -84.364479 -84.357060 -84.445071
aug-cc-pvdz   41 -84.005721 -84.240482  ... -84.253774 -84.335114 -84.421785
aug-cc-pvtz   92 -84.024000 -84.318366  ... -84.332038 -84.354125 -84.442275
aug-cc-pvqz  172 -84.028840 -84.356530  ... -84.369280 -84.359510 -84.447817
def2-sv(p)    18 -83.907364 -84.108361  ... -84.121896 -84.235178 -84.320335
def2-svp      24 -83.925270 -84.138846  ... -84.152310 -84.251446 -84.335787

[14 rows x 7 columns]
